[2020-10-01T15:18:08.570] [INFO] access - ::1 - - "POST /api/student/login HTTP/1.1" 200 86 "http://localhost:3000/" "Mozilla/5.0 (Macintosh; Intel Mac OS X 10_14_6) AppleWebKit/537.36 (KHTML, like Gecko) Chrome/85.0.4183.121 Safari/537.36"
[2020-10-01T15:18:23.847] [INFO] access - ::1 - - "POST /api/student/login HTTP/1.1" 200 86 "http://localhost:3000/" "Mozilla/5.0 (Macintosh; Intel Mac OS X 10_14_6) AppleWebKit/537.36 (KHTML, like Gecko) Chrome/85.0.4183.121 Safari/537.36"
[2020-10-01T15:18:29.987] [INFO] access - ::1 - - "POST /api/teacher/login HTTP/1.1" 200 141 "http://localhost:3000/" "Mozilla/5.0 (Macintosh; Intel Mac OS X 10_14_6) AppleWebKit/537.36 (KHTML, like Gecko) Chrome/85.0.4183.121 Safari/537.36"
[2020-10-01T15:18:30.319] [INFO] access - ::1 - - "GET /api/student/list?page=0&pagesize=10 HTTP/1.1" 200 1812 "http://localhost:3000/" "Mozilla/5.0 (Macintosh; Intel Mac OS X 10_14_6) AppleWebKit/537.36 (KHTML, like Gecko) Chrome/85.0.4183.121 Safari/537.36"
[2020-10-01T15:21:07.958] [INFO] access - ::1 - - "POST /api/student/login HTTP/1.1" 200 127 "http://localhost:3000/" "Mozilla/5.0 (Macintosh; Intel Mac OS X 10_14_6) AppleWebKit/537.36 (KHTML, like Gecko) Chrome/85.0.4183.121 Safari/537.36"
[2020-10-01T15:21:08.266] [INFO] access - ::1 - - "GET /api/student/course/list?page=0&pagesize=10 HTTP/1.1" 200 94 "http://localhost:3000/" "Mozilla/5.0 (Macintosh; Intel Mac OS X 10_14_6) AppleWebKit/537.36 (KHTML, like Gecko) Chrome/85.0.4183.121 Safari/537.36"
[2020-10-01T15:21:10.595] [INFO] access - ::1 - - "GET /api/student/list HTTP/1.1" 200 2239 "http://localhost:3000/" "Mozilla/5.0 (Macintosh; Intel Mac OS X 10_14_6) AppleWebKit/537.36 (KHTML, like Gecko) Chrome/85.0.4183.121 Safari/537.36"
[2020-10-01T15:21:10.632] [INFO] access - ::1 - - "GET /api/course/list HTTP/1.1" 200 1899 "http://localhost:3000/" "Mozilla/5.0 (Macintosh; Intel Mac OS X 10_14_6) AppleWebKit/537.36 (KHTML, like Gecko) Chrome/85.0.4183.121 Safari/537.36"
[2020-10-01T15:21:17.801] [INFO] access - ::1 - - "GET /api/student/course/list?page=0&pagesize=10 HTTP/1.1" 200 94 "http://localhost:3000/" "Mozilla/5.0 (Macintosh; Intel Mac OS X 10_14_6) AppleWebKit/537.36 (KHTML, like Gecko) Chrome/85.0.4183.121 Safari/537.36"
[2020-10-01T15:21:20.567] [INFO] access - ::1 - - "GET /api/course/list HTTP/1.1" 200 1899 "http://localhost:3000/" "Mozilla/5.0 (Macintosh; Intel Mac OS X 10_14_6) AppleWebKit/537.36 (KHTML, like Gecko) Chrome/85.0.4183.121 Safari/537.36"
[2020-10-01T15:21:20.600] [INFO] access - ::1 - - "GET /api/student/list HTTP/1.1" 200 2239 "http://localhost:3000/" "Mozilla/5.0 (Macintosh; Intel Mac OS X 10_14_6) AppleWebKit/537.36 (KHTML, like Gecko) Chrome/85.0.4183.121 Safari/537.36"
[2020-10-01T15:21:25.116] [INFO] access - ::1 - - "GET /api/course/list HTTP/1.1" 200 1899 "http://localhost:3000/" "Mozilla/5.0 (Macintosh; Intel Mac OS X 10_14_6) AppleWebKit/537.36 (KHTML, like Gecko) Chrome/85.0.4183.121 Safari/537.36"
[2020-10-01T15:21:25.129] [INFO] access - ::1 - - "GET /api/student/course/list HTTP/1.1" 200 94 "http://localhost:3000/" "Mozilla/5.0 (Macintosh; Intel Mac OS X 10_14_6) AppleWebKit/537.36 (KHTML, like Gecko) Chrome/85.0.4183.121 Safari/537.36"
[2020-10-01T15:21:28.098] [INFO] access - ::1 - - "GET /api/course/list HTTP/1.1" 200 1899 "http://localhost:3000/" "Mozilla/5.0 (Macintosh; Intel Mac OS X 10_14_6) AppleWebKit/537.36 (KHTML, like Gecko) Chrome/85.0.4183.121 Safari/537.36"
[2020-10-01T15:21:28.134] [INFO] access - ::1 - - "GET /api/student/list HTTP/1.1" 200 2239 "http://localhost:3000/" "Mozilla/5.0 (Macintosh; Intel Mac OS X 10_14_6) AppleWebKit/537.36 (KHTML, like Gecko) Chrome/85.0.4183.121 Safari/537.36"
[2020-10-01T15:22:03.444] [INFO] access - ::1 - - "GET /api/course/list HTTP/1.1" 200 1899 "http://localhost:3000/" "Mozilla/5.0 (Macintosh; Intel Mac OS X 10_14_6) AppleWebKit/537.36 (KHTML, like Gecko) Chrome/85.0.4183.121 Safari/537.36"
[2020-10-01T15:22:03.477] [INFO] access - ::1 - - "GET /api/student/list HTTP/1.1" 200 2239 "http://localhost:3000/" "Mozilla/5.0 (Macintosh; Intel Mac OS X 10_14_6) AppleWebKit/537.36 (KHTML, like Gecko) Chrome/85.0.4183.121 Safari/537.36"
[2020-10-01T15:23:58.112] [INFO] access - ::1 - - "GET /api/student/course/list?page=0&pagesize=10 HTTP/1.1" 200 94 "http://localhost:3000/" "Mozilla/5.0 (Macintosh; Intel Mac OS X 10_14_6) AppleWebKit/537.36 (KHTML, like Gecko) Chrome/85.0.4183.121 Safari/537.36"
[2020-10-01T15:24:23.911] [INFO] access - ::1 - - "POST /api/teacher/login HTTP/1.1" 200 141 "http://localhost:3000/" "Mozilla/5.0 (Macintosh; Intel Mac OS X 10_14_6) AppleWebKit/537.36 (KHTML, like Gecko) Chrome/85.0.4183.121 Safari/537.36"
[2020-10-01T15:24:25.220] [INFO] access - ::1 - - "GET /api/student/list?page=0&pagesize=10 HTTP/1.1" 200 1812 "http://localhost:3000/" "Mozilla/5.0 (Macintosh; Intel Mac OS X 10_14_6) AppleWebKit/537.36 (KHTML, like Gecko) Chrome/85.0.4183.121 Safari/537.36"
[2020-10-01T15:24:37.367] [INFO] access - ::1 - - "GET /api/student/course/list?page=0&pagesize=10 HTTP/1.1" 200 1164 "http://localhost:3000/" "Mozilla/5.0 (Macintosh; Intel Mac OS X 10_14_6) AppleWebKit/537.36 (KHTML, like Gecko) Chrome/85.0.4183.121 Safari/537.36"
[2020-10-01T15:24:41.239] [INFO] access - ::1 - - "GET /api/course/list HTTP/1.1" 200 1899 "http://localhost:3000/" "Mozilla/5.0 (Macintosh; Intel Mac OS X 10_14_6) AppleWebKit/537.36 (KHTML, like Gecko) Chrome/85.0.4183.121 Safari/537.36"
[2020-10-01T15:24:41.280] [INFO] access - ::1 - - "GET /api/student/list HTTP/1.1" 200 2239 "http://localhost:3000/" "Mozilla/5.0 (Macintosh; Intel Mac OS X 10_14_6) AppleWebKit/537.36 (KHTML, like Gecko) Chrome/85.0.4183.121 Safari/537.36"
[2020-10-01T15:24:54.813] [INFO] access - ::1 - - "POST /api/student/course/add HTTP/1.1" 200 52 "http://localhost:3000/" "Mozilla/5.0 (Macintosh; Intel Mac OS X 10_14_6) AppleWebKit/537.36 (KHTML, like Gecko) Chrome/85.0.4183.121 Safari/537.36"
[2020-10-01T15:24:55.153] [INFO] access - ::1 - - "GET /api/student/course/list?page=0&pagesize=10 HTTP/1.1" 200 1283 "http://localhost:3000/" "Mozilla/5.0 (Macintosh; Intel Mac OS X 10_14_6) AppleWebKit/537.36 (KHTML, like Gecko) Chrome/85.0.4183.121 Safari/537.36"
[2020-10-01T15:25:12.500] [INFO] access - ::1 - - "GET /api/course/type/list HTTP/1.1" 200 569 "http://localhost:3000/" "Mozilla/5.0 (Macintosh; Intel Mac OS X 10_14_6) AppleWebKit/537.36 (KHTML, like Gecko) Chrome/85.0.4183.121 Safari/537.36"
[2020-10-01T15:25:15.418] [INFO] access - ::1 - - "GET /api/course/type/list HTTP/1.1" 200 569 "http://localhost:3000/" "Mozilla/5.0 (Macintosh; Intel Mac OS X 10_14_6) AppleWebKit/537.36 (KHTML, like Gecko) Chrome/85.0.4183.121 Safari/537.36"
[2020-10-01T15:25:16.767] [INFO] access - ::1 - - "GET /api/course/type/list HTTP/1.1" 200 569 "http://localhost:3000/" "Mozilla/5.0 (Macintosh; Intel Mac OS X 10_14_6) AppleWebKit/537.36 (KHTML, like Gecko) Chrome/85.0.4183.121 Safari/537.36"
[2020-10-01T15:25:25.335] [INFO] access - ::1 - - "GET /api/course/list?page=0&pagesize=10 HTTP/1.1" 200 1323 "http://localhost:3000/" "Mozilla/5.0 (Macintosh; Intel Mac OS X 10_14_6) AppleWebKit/537.36 (KHTML, like Gecko) Chrome/85.0.4183.121 Safari/537.36"
[2020-10-01T15:25:27.304] [INFO] access - ::1 - - "GET /api/course/type/list HTTP/1.1" 200 569 "http://localhost:3000/" "Mozilla/5.0 (Macintosh; Intel Mac OS X 10_14_6) AppleWebKit/537.36 (KHTML, like Gecko) Chrome/85.0.4183.121 Safari/537.36"
[2020-10-01T15:25:28.746] [INFO] access - ::1 - - "GET /api/course/list?page=0&pagesize=10 HTTP/1.1" 200 1323 "http://localhost:3000/" "Mozilla/5.0 (Macintosh; Intel Mac OS X 10_14_6) AppleWebKit/537.36 (KHTML, like Gecko) Chrome/85.0.4183.121 Safari/537.36"
[2020-10-01T15:25:32.735] [INFO] access - ::1 - - "GET /api/course/type/list HTTP/1.1" 200 569 "http://localhost:3000/" "Mozilla/5.0 (Macintosh; Intel Mac OS X 10_14_6) AppleWebKit/537.36 (KHTML, like Gecko) Chrome/85.0.4183.121 Safari/537.36"
[2020-10-01T15:25:51.512] [INFO] access - ::1 - - "POST /api/course/add HTTP/1.1" 200 161 "http://localhost:3000/" "Mozilla/5.0 (Macintosh; Intel Mac OS X 10_14_6) AppleWebKit/537.36 (KHTML, like Gecko) Chrome/85.0.4183.121 Safari/537.36"
[2020-10-01T15:25:55.757] [INFO] access - ::1 - - "GET /api/course/list?page=0&pagesize=10 HTTP/1.1" 200 1323 "http://localhost:3000/" "Mozilla/5.0 (Macintosh; Intel Mac OS X 10_14_6) AppleWebKit/537.36 (KHTML, like Gecko) Chrome/85.0.4183.121 Safari/537.36"
[2020-10-01T15:26:04.219] [INFO] access - ::1 - - "GET /api/course/list?page=0&pagesize=10&kw=%E5%B8%83%E5%B1%80 HTTP/1.1" 200 222 "http://localhost:3000/" "Mozilla/5.0 (Macintosh; Intel Mac OS X 10_14_6) AppleWebKit/537.36 (KHTML, like Gecko) Chrome/85.0.4183.121 Safari/537.36"
[2020-10-01T15:26:08.110] [INFO] access - ::1 - - "GET /api/course/list?page=0&pagesize=10 HTTP/1.1" 200 1323 "http://localhost:3000/" "Mozilla/5.0 (Macintosh; Intel Mac OS X 10_14_6) AppleWebKit/537.36 (KHTML, like Gecko) Chrome/85.0.4183.121 Safari/537.36"
[2020-10-01T15:26:11.784] [INFO] access - ::1 - - "GET /api/course/list?page=1&pagesize=10 HTTP/1.1" 200 1227 "http://localhost:3000/" "Mozilla/5.0 (Macintosh; Intel Mac OS X 10_14_6) AppleWebKit/537.36 (KHTML, like Gecko) Chrome/85.0.4183.121 Safari/537.36"
[2020-10-01T15:26:14.558] [INFO] access - ::1 - - "GET /api/course/list?page=3&pagesize=10 HTTP/1.1" 200 1293 "http://localhost:3000/" "Mozilla/5.0 (Macintosh; Intel Mac OS X 10_14_6) AppleWebKit/537.36 (KHTML, like Gecko) Chrome/85.0.4183.121 Safari/537.36"
[2020-10-01T15:27:17.462] [INFO] access - ::1 - - "POST /api/manager/login HTTP/1.1" 200 300 "http://localhost:3000/" "Mozilla/5.0 (Macintosh; Intel Mac OS X 10_14_6) AppleWebKit/537.36 (KHTML, like Gecko) Chrome/85.0.4183.121 Safari/537.36"
[2020-10-01T15:27:38.276] [INFO] access - ::1 - - "GET /api/stat/course-date HTTP/1.1" 200 401 "http://localhost:3000/" "Mozilla/5.0 (Macintosh; Intel Mac OS X 10_14_6) AppleWebKit/537.36 (KHTML, like Gecko) Chrome/85.0.4183.121 Safari/537.36"
[2020-10-01T15:27:38.278] [INFO] access - ::1 - - "GET /api/stat/course-pie HTTP/1.1" 200 230 "http://localhost:3000/" "Mozilla/5.0 (Macintosh; Intel Mac OS X 10_14_6) AppleWebKit/537.36 (KHTML, like Gecko) Chrome/85.0.4183.121 Safari/537.36"
[2020-10-01T15:27:51.399] [INFO] access - ::1 - - "GET /api/student/list?page=0&pagesize=10 HTTP/1.1" 200 1841 "http://localhost:3000/" "Mozilla/5.0 (Macintosh; Intel Mac OS X 10_14_6) AppleWebKit/537.36 (KHTML, like Gecko) Chrome/85.0.4183.121 Safari/537.36"
[2020-10-01T15:28:10.469] [INFO] access - ::1 - - "GET /api/student/type/list HTTP/1.1" 200 83 "http://localhost:3000/" "Mozilla/5.0 (Macintosh; Intel Mac OS X 10_14_6) AppleWebKit/537.36 (KHTML, like Gecko) Chrome/85.0.4183.121 Safari/537.36"
[2020-10-01T15:28:14.058] [INFO] access - ::1 - - "GET /api/student/course/list?page=0&pagesize=10 HTTP/1.1" 200 1283 "http://localhost:3000/" "Mozilla/5.0 (Macintosh; Intel Mac OS X 10_14_6) AppleWebKit/537.36 (KHTML, like Gecko) Chrome/85.0.4183.121 Safari/537.36"
[2020-10-01T15:28:28.679] [INFO] access - ::1 - - "GET /api/course/list HTTP/1.1" 200 1899 "http://localhost:3000/" "Mozilla/5.0 (Macintosh; Intel Mac OS X 10_14_6) AppleWebKit/537.36 (KHTML, like Gecko) Chrome/85.0.4183.121 Safari/537.36"
[2020-10-01T15:28:28.686] [INFO] access - ::1 - - "GET /api/student/course/list HTTP/1.1" 200 1283 "http://localhost:3000/" "Mozilla/5.0 (Macintosh; Intel Mac OS X 10_14_6) AppleWebKit/537.36 (KHTML, like Gecko) Chrome/85.0.4183.121 Safari/537.36"
[2020-10-01T15:28:30.721] [INFO] access - ::1 - - "GET /api/student/course/list?0=?&1=d&2=a&3=t&4=e&5==&6=2&7=0&8=2&9=0&10=-&11=1&12=0&13=-&14=1&15=6 HTTP/1.1" 200 1283 "http://localhost:3000/" "Mozilla/5.0 (Macintosh; Intel Mac OS X 10_14_6) AppleWebKit/537.36 (KHTML, like Gecko) Chrome/85.0.4183.121 Safari/537.36"
[2020-10-01T15:28:35.783] [INFO] access - ::1 - - "GET /api/student/type/list HTTP/1.1" 200 83 "http://localhost:3000/" "Mozilla/5.0 (Macintosh; Intel Mac OS X 10_14_6) AppleWebKit/537.36 (KHTML, like Gecko) Chrome/85.0.4183.121 Safari/537.36"
[2020-10-01T15:29:04.571] [INFO] access - ::1 - - "POST /api/student/add HTTP/1.1" 200 46 "http://localhost:3000/" "Mozilla/5.0 (Macintosh; Intel Mac OS X 10_14_6) AppleWebKit/537.36 (KHTML, like Gecko) Chrome/85.0.4183.121 Safari/537.36"
[2020-10-01T15:29:07.755] [INFO] access - ::1 - - "GET /api/student/list?page=0&pagesize=10 HTTP/1.1" 200 1841 "http://localhost:3000/" "Mozilla/5.0 (Macintosh; Intel Mac OS X 10_14_6) AppleWebKit/537.36 (KHTML, like Gecko) Chrome/85.0.4183.121 Safari/537.36"
[2020-10-01T15:29:10.617] [INFO] access - ::1 - - "GET /api/student/list?page=0&pagesize=10&kw=%E9%99%88%E9%9C%96 HTTP/1.1" 200 261 "http://localhost:3000/" "Mozilla/5.0 (Macintosh; Intel Mac OS X 10_14_6) AppleWebKit/537.36 (KHTML, like Gecko) Chrome/85.0.4183.121 Safari/537.36"
[2020-10-01T15:29:13.761] [INFO] access - ::1 - - "GET /api/student/course/list?page=0&pagesize=10 HTTP/1.1" 200 1283 "http://localhost:3000/" "Mozilla/5.0 (Macintosh; Intel Mac OS X 10_14_6) AppleWebKit/537.36 (KHTML, like Gecko) Chrome/85.0.4183.121 Safari/537.36"
[2020-10-01T15:29:17.104] [INFO] access - ::1 - - "GET /api/student/list?page=0&pagesize=10 HTTP/1.1" 200 1841 "http://localhost:3000/" "Mozilla/5.0 (Macintosh; Intel Mac OS X 10_14_6) AppleWebKit/537.36 (KHTML, like Gecko) Chrome/85.0.4183.121 Safari/537.36"
[2020-10-01T15:29:22.844] [INFO] access - ::1 - - "GET /api/student/course/list?page=0&pagesize=10 HTTP/1.1" 200 1283 "http://localhost:3000/" "Mozilla/5.0 (Macintosh; Intel Mac OS X 10_14_6) AppleWebKit/537.36 (KHTML, like Gecko) Chrome/85.0.4183.121 Safari/537.36"
[2020-10-01T15:29:32.103] [INFO] access - ::1 - - "GET /api/course/list HTTP/1.1" 200 1899 "http://localhost:3000/" "Mozilla/5.0 (Macintosh; Intel Mac OS X 10_14_6) AppleWebKit/537.36 (KHTML, like Gecko) Chrome/85.0.4183.121 Safari/537.36"
[2020-10-01T15:29:32.162] [INFO] access - ::1 - - "GET /api/student/list HTTP/1.1" 200 2436 "http://localhost:3000/" "Mozilla/5.0 (Macintosh; Intel Mac OS X 10_14_6) AppleWebKit/537.36 (KHTML, like Gecko) Chrome/85.0.4183.121 Safari/537.36"
[2020-10-01T15:29:49.933] [INFO] access - ::1 - - "GET /api/course/type/list HTTP/1.1" 200 569 "http://localhost:3000/" "Mozilla/5.0 (Macintosh; Intel Mac OS X 10_14_6) AppleWebKit/537.36 (KHTML, like Gecko) Chrome/85.0.4183.121 Safari/537.36"
[2020-10-01T15:30:10.584] [INFO] access - ::1 - - "GET /api/course/type/list HTTP/1.1" 200 569 "http://localhost:3000/" "Mozilla/5.0 (Macintosh; Intel Mac OS X 10_14_6) AppleWebKit/537.36 (KHTML, like Gecko) Chrome/85.0.4183.121 Safari/537.36"
[2020-10-01T15:30:24.435] [INFO] access - ::1 - - "POST /api/course/type/add HTTP/1.1" 200 160 "http://localhost:3000/" "Mozilla/5.0 (Macintosh; Intel Mac OS X 10_14_6) AppleWebKit/537.36 (KHTML, like Gecko) Chrome/85.0.4183.121 Safari/537.36"
[2020-10-01T15:30:24.685] [INFO] access - ::1 - - "GET /api/course/type/list HTTP/1.1" 200 601 "http://localhost:3000/" "Mozilla/5.0 (Macintosh; Intel Mac OS X 10_14_6) AppleWebKit/537.36 (KHTML, like Gecko) Chrome/85.0.4183.121 Safari/537.36"
[2020-10-01T15:30:26.704] [INFO] access - ::1 - - "GET /api/course/type/list HTTP/1.1" 200 601 "http://localhost:3000/" "Mozilla/5.0 (Macintosh; Intel Mac OS X 10_14_6) AppleWebKit/537.36 (KHTML, like Gecko) Chrome/85.0.4183.121 Safari/537.36"
[2020-10-01T15:31:00.192] [INFO] access - ::1 - - "POST /api/course/add HTTP/1.1" 200 161 "http://localhost:3000/" "Mozilla/5.0 (Macintosh; Intel Mac OS X 10_14_6) AppleWebKit/537.36 (KHTML, like Gecko) Chrome/85.0.4183.121 Safari/537.36"
[2020-10-01T15:31:08.807] [INFO] access - ::1 - - "GET /api/course/type/list HTTP/1.1" 200 601 "http://localhost:3000/" "Mozilla/5.0 (Macintosh; Intel Mac OS X 10_14_6) AppleWebKit/537.36 (KHTML, like Gecko) Chrome/85.0.4183.121 Safari/537.36"
[2020-10-01T15:31:12.880] [INFO] access - ::1 - - "GET /api/student/list?page=0&pagesize=10 HTTP/1.1" 200 1841 "http://localhost:3000/" "Mozilla/5.0 (Macintosh; Intel Mac OS X 10_14_6) AppleWebKit/537.36 (KHTML, like Gecko) Chrome/85.0.4183.121 Safari/537.36"
[2020-10-01T15:31:21.286] [INFO] access - ::1 - - "GET /api/student/course/list?page=0&pagesize=10 HTTP/1.1" 200 1283 "http://localhost:3000/" "Mozilla/5.0 (Macintosh; Intel Mac OS X 10_14_6) AppleWebKit/537.36 (KHTML, like Gecko) Chrome/85.0.4183.121 Safari/537.36"
[2020-10-01T15:31:29.782] [INFO] access - ::1 - - "GET /api/student/list?page=0&pagesize=10 HTTP/1.1" 200 1841 "http://localhost:3000/" "Mozilla/5.0 (Macintosh; Intel Mac OS X 10_14_6) AppleWebKit/537.36 (KHTML, like Gecko) Chrome/85.0.4183.121 Safari/537.36"
[2020-10-01T15:31:44.430] [INFO] access - ::1 - - "GET /api/student/list?page=0&pagesize=10&kw=%E9%99%88%E9%9C%96 HTTP/1.1" 200 261 "http://localhost:3000/" "Mozilla/5.0 (Macintosh; Intel Mac OS X 10_14_6) AppleWebKit/537.36 (KHTML, like Gecko) Chrome/85.0.4183.121 Safari/537.36"
[2020-10-01T15:31:54.361] [INFO] access - ::1 - - "GET /api/student/type/list HTTP/1.1" 200 83 "http://localhost:3000/" "Mozilla/5.0 (Macintosh; Intel Mac OS X 10_14_6) AppleWebKit/537.36 (KHTML, like Gecko) Chrome/85.0.4183.121 Safari/537.36"
[2020-10-01T15:31:55.517] [INFO] access - ::1 - - "GET /api/student/course/list?page=0&pagesize=10 HTTP/1.1" 200 1283 "http://localhost:3000/" "Mozilla/5.0 (Macintosh; Intel Mac OS X 10_14_6) AppleWebKit/537.36 (KHTML, like Gecko) Chrome/85.0.4183.121 Safari/537.36"
[2020-10-01T15:31:57.418] [INFO] access - ::1 - - "GET /api/course/list HTTP/1.1" 200 1899 "http://localhost:3000/" "Mozilla/5.0 (Macintosh; Intel Mac OS X 10_14_6) AppleWebKit/537.36 (KHTML, like Gecko) Chrome/85.0.4183.121 Safari/537.36"
[2020-10-01T15:31:57.447] [INFO] access - ::1 - - "GET /api/student/list HTTP/1.1" 200 2436 "http://localhost:3000/" "Mozilla/5.0 (Macintosh; Intel Mac OS X 10_14_6) AppleWebKit/537.36 (KHTML, like Gecko) Chrome/85.0.4183.121 Safari/537.36"
[2020-10-01T15:32:31.200] [INFO] access - ::1 - - "POST /api/student/course/add HTTP/1.1" 200 52 "http://localhost:3000/" "Mozilla/5.0 (Macintosh; Intel Mac OS X 10_14_6) AppleWebKit/537.36 (KHTML, like Gecko) Chrome/85.0.4183.121 Safari/537.36"
[2020-10-01T15:32:31.483] [INFO] access - ::1 - - "GET /api/student/course/list?page=0&pagesize=10 HTTP/1.1" 200 1283 "http://localhost:3000/" "Mozilla/5.0 (Macintosh; Intel Mac OS X 10_14_6) AppleWebKit/537.36 (KHTML, like Gecko) Chrome/85.0.4183.121 Safari/537.36"
[2020-10-01T15:32:45.644] [INFO] access - ::1 - - "GET /api/stat/course-pie HTTP/1.1" 200 274 "http://localhost:3000/" "Mozilla/5.0 (Macintosh; Intel Mac OS X 10_14_6) AppleWebKit/537.36 (KHTML, like Gecko) Chrome/85.0.4183.121 Safari/537.36"
[2020-10-01T15:32:45.676] [INFO] access - ::1 - - "GET /api/stat/course-date HTTP/1.1" 200 447 "http://localhost:3000/" "Mozilla/5.0 (Macintosh; Intel Mac OS X 10_14_6) AppleWebKit/537.36 (KHTML, like Gecko) Chrome/85.0.4183.121 Safari/537.36"
[2020-10-01T15:32:53.871] [INFO] access - ::1 - - "GET /api/course/list?page=0&pagesize=10 HTTP/1.1" 200 1323 "http://localhost:3000/" "Mozilla/5.0 (Macintosh; Intel Mac OS X 10_14_6) AppleWebKit/537.36 (KHTML, like Gecko) Chrome/85.0.4183.121 Safari/537.36"
[2020-10-01T15:32:59.573] [INFO] access - ::1 - - "GET /api/course/list?page=0&pagesize=10&kw=marrs HTTP/1.1" 200 228 "http://localhost:3000/" "Mozilla/5.0 (Macintosh; Intel Mac OS X 10_14_6) AppleWebKit/537.36 (KHTML, like Gecko) Chrome/85.0.4183.121 Safari/537.36"
[2020-10-01T15:33:03.699] [INFO] access - ::1 - - "GET /api/course/list?page=0&pagesize=10 HTTP/1.1" 200 1323 "http://localhost:3000/" "Mozilla/5.0 (Macintosh; Intel Mac OS X 10_14_6) AppleWebKit/537.36 (KHTML, like Gecko) Chrome/85.0.4183.121 Safari/537.36"
[2020-10-01T15:33:19.874] [INFO] access - ::1 - - "GET /api/student/course/list?page=0&pagesize=10 HTTP/1.1" 200 1283 "http://localhost:3000/" "Mozilla/5.0 (Macintosh; Intel Mac OS X 10_14_6) AppleWebKit/537.36 (KHTML, like Gecko) Chrome/85.0.4183.121 Safari/537.36"
[2020-10-01T15:33:22.596] [INFO] access - ::1 - - "GET /api/student/course/list HTTP/1.1" 200 1407 "http://localhost:3000/" "Mozilla/5.0 (Macintosh; Intel Mac OS X 10_14_6) AppleWebKit/537.36 (KHTML, like Gecko) Chrome/85.0.4183.121 Safari/537.36"
[2020-10-01T15:33:22.601] [INFO] access - ::1 - - "GET /api/course/list HTTP/1.1" 200 1899 "http://localhost:3000/" "Mozilla/5.0 (Macintosh; Intel Mac OS X 10_14_6) AppleWebKit/537.36 (KHTML, like Gecko) Chrome/85.0.4183.121 Safari/537.36"
[2020-10-01T15:33:31.251] [INFO] access - ::1 - - "GET /api/student/course/list?0=?&1=d&2=a&3=t&4=e&5==&6=2&7=0&8=2&9=0&10=-&11=1&12=0&13=-&14=2&15=1 HTTP/1.1" 200 1407 "http://localhost:3000/" "Mozilla/5.0 (Macintosh; Intel Mac OS X 10_14_6) AppleWebKit/537.36 (KHTML, like Gecko) Chrome/85.0.4183.121 Safari/537.36"
[2020-10-01T15:34:07.026] [INFO] access - ::1 - - "GET /api/course/list?page=0&pagesize=10 HTTP/1.1" 200 1323 "http://localhost:3000/" "Mozilla/5.0 (Macintosh; Intel Mac OS X 10_14_6) AppleWebKit/537.36 (KHTML, like Gecko) Chrome/85.0.4183.121 Safari/537.36"
[2020-10-01T15:34:10.785] [INFO] access - ::1 - - "GET /api/course/list?page=4&pagesize=10 HTTP/1.1" 200 1294 "http://localhost:3000/" "Mozilla/5.0 (Macintosh; Intel Mac OS X 10_14_6) AppleWebKit/537.36 (KHTML, like Gecko) Chrome/85.0.4183.121 Safari/537.36"
[2020-10-01T15:34:15.934] [INFO] access - ::1 - - "GET /api/course/list?page=0&pagesize=10&kw=marrs HTTP/1.1" 200 228 "http://localhost:3000/" "Mozilla/5.0 (Macintosh; Intel Mac OS X 10_14_6) AppleWebKit/537.36 (KHTML, like Gecko) Chrome/85.0.4183.121 Safari/537.36"
[2020-10-01T15:34:45.458] [INFO] access - ::1 - - "GET /api/course/type/list HTTP/1.1" 200 601 "http://localhost:3000/" "Mozilla/5.0 (Macintosh; Intel Mac OS X 10_14_6) AppleWebKit/537.36 (KHTML, like Gecko) Chrome/85.0.4183.121 Safari/537.36"
[2020-10-01T15:34:47.908] [INFO] access - ::1 - - "GET /api/course/type/list HTTP/1.1" 200 601 "http://localhost:3000/" "Mozilla/5.0 (Macintosh; Intel Mac OS X 10_14_6) AppleWebKit/537.36 (KHTML, like Gecko) Chrome/85.0.4183.121 Safari/537.36"
[2020-10-01T15:34:50.087] [INFO] access - ::1 - - "GET /api/course/type/list HTTP/1.1" 200 601 "http://localhost:3000/" "Mozilla/5.0 (Macintosh; Intel Mac OS X 10_14_6) AppleWebKit/537.36 (KHTML, like Gecko) Chrome/85.0.4183.121 Safari/537.36"
[2020-10-01T15:34:51.664] [INFO] access - ::1 - - "GET /api/course/type/list HTTP/1.1" 200 601 "http://localhost:3000/" "Mozilla/5.0 (Macintosh; Intel Mac OS X 10_14_6) AppleWebKit/537.36 (KHTML, like Gecko) Chrome/85.0.4183.121 Safari/537.36"
[2020-10-01T15:34:53.249] [INFO] access - ::1 - - "GET /api/course/list?page=0&pagesize=10 HTTP/1.1" 200 1323 "http://localhost:3000/" "Mozilla/5.0 (Macintosh; Intel Mac OS X 10_14_6) AppleWebKit/537.36 (KHTML, like Gecko) Chrome/85.0.4183.121 Safari/537.36"
[2020-10-01T15:34:56.446] [INFO] access - ::1 - - "GET /api/course/list?page=0&pagesize=10&kw=marrs HTTP/1.1" 200 228 "http://localhost:3000/" "Mozilla/5.0 (Macintosh; Intel Mac OS X 10_14_6) AppleWebKit/537.36 (KHTML, like Gecko) Chrome/85.0.4183.121 Safari/537.36"
[2020-10-01T15:35:00.374] [INFO] access - ::1 - - "GET /api/student/course/list?page=0&pagesize=10 HTTP/1.1" 200 1283 "http://localhost:3000/" "Mozilla/5.0 (Macintosh; Intel Mac OS X 10_14_6) AppleWebKit/537.36 (KHTML, like Gecko) Chrome/85.0.4183.121 Safari/537.36"
[2020-10-01T15:35:34.180] [INFO] access - ::1 - - "GET /api/course/list HTTP/1.1" 200 1899 "http://localhost:3000/" "Mozilla/5.0 (Macintosh; Intel Mac OS X 10_14_6) AppleWebKit/537.36 (KHTML, like Gecko) Chrome/85.0.4183.121 Safari/537.36"
[2020-10-01T15:35:34.221] [INFO] access - ::1 - - "GET /api/student/list HTTP/1.1" 200 2470 "http://localhost:3000/" "Mozilla/5.0 (Macintosh; Intel Mac OS X 10_14_6) AppleWebKit/537.36 (KHTML, like Gecko) Chrome/85.0.4183.121 Safari/537.36"
[2020-10-01T15:36:25.251] [INFO] access - ::1 - - "GET /api/student/list?page=0&pagesize=10 HTTP/1.1" 200 1841 "http://localhost:3000/" "Mozilla/5.0 (Macintosh; Intel Mac OS X 10_14_6) AppleWebKit/537.36 (KHTML, like Gecko) Chrome/85.0.4183.121 Safari/537.36"
[2020-10-01T15:36:26.943] [INFO] access - ::1 - - "GET /api/student/list?page=0&pagesize=10 HTTP/1.1" 200 1841 "http://localhost:3000/" "Mozilla/5.0 (Macintosh; Intel Mac OS X 10_14_6) AppleWebKit/537.36 (KHTML, like Gecko) Chrome/85.0.4183.121 Safari/537.36"
[2020-10-01T15:36:29.852] [INFO] access - ::1 - - "GET /api/student/list?page=1&pagesize=10 HTTP/1.1" 200 723 "http://localhost:3000/" "Mozilla/5.0 (Macintosh; Intel Mac OS X 10_14_6) AppleWebKit/537.36 (KHTML, like Gecko) Chrome/85.0.4183.121 Safari/537.36"
[2020-10-01T15:36:57.128] [INFO] access - ::1 - - "GET /api/student/course/list?page=0&pagesize=10 HTTP/1.1" 200 1283 "http://localhost:3000/" "Mozilla/5.0 (Macintosh; Intel Mac OS X 10_14_6) AppleWebKit/537.36 (KHTML, like Gecko) Chrome/85.0.4183.121 Safari/537.36"
[2020-10-01T15:36:58.867] [INFO] access - ::1 - - "GET /api/course/list HTTP/1.1" 200 1899 "http://localhost:3000/" "Mozilla/5.0 (Macintosh; Intel Mac OS X 10_14_6) AppleWebKit/537.36 (KHTML, like Gecko) Chrome/85.0.4183.121 Safari/537.36"
[2020-10-01T15:36:58.901] [INFO] access - ::1 - - "GET /api/student/list HTTP/1.1" 200 2470 "http://localhost:3000/" "Mozilla/5.0 (Macintosh; Intel Mac OS X 10_14_6) AppleWebKit/537.36 (KHTML, like Gecko) Chrome/85.0.4183.121 Safari/537.36"
[2020-10-01T15:38:38.907] [INFO] access - ::1 - - "POST /api/student/login HTTP/1.1" 200 86 "http://localhost:3000/" "Mozilla/5.0 (Macintosh; Intel Mac OS X 10_14_6) AppleWebKit/537.36 (KHTML, like Gecko) Chrome/85.0.4183.121 Safari/537.36"
[2020-10-01T15:39:06.002] [INFO] access - ::1 - - "POST /api/student/login HTTP/1.1" 200 135 "http://localhost:3000/" "Mozilla/5.0 (Macintosh; Intel Mac OS X 10_14_6) AppleWebKit/537.36 (KHTML, like Gecko) Chrome/85.0.4183.121 Safari/537.36"
[2020-10-01T15:39:06.145] [INFO] access - ::1 - - "GET /api/student/course/list?page=0&pagesize=10 HTTP/1.1" 200 217 "http://localhost:3000/" "Mozilla/5.0 (Macintosh; Intel Mac OS X 10_14_6) AppleWebKit/537.36 (KHTML, like Gecko) Chrome/85.0.4183.121 Safari/537.36"
[2020-10-01T15:39:09.690] [INFO] access - ::1 - - "GET /api/course/list HTTP/1.1" 200 1899 "http://localhost:3000/" "Mozilla/5.0 (Macintosh; Intel Mac OS X 10_14_6) AppleWebKit/537.36 (KHTML, like Gecko) Chrome/85.0.4183.121 Safari/537.36"
[2020-10-01T15:39:09.720] [INFO] access - ::1 - - "GET /api/student/list HTTP/1.1" 200 2470 "http://localhost:3000/" "Mozilla/5.0 (Macintosh; Intel Mac OS X 10_14_6) AppleWebKit/537.36 (KHTML, like Gecko) Chrome/85.0.4183.121 Safari/537.36"
[2020-10-01T15:40:01.996] [INFO] access - ::1 - - "POST /api/manager/login HTTP/1.1" 200 86 "http://localhost:3000/" "Mozilla/5.0 (Macintosh; Intel Mac OS X 10_14_6) AppleWebKit/537.36 (KHTML, like Gecko) Chrome/85.0.4183.121 Safari/537.36"
[2020-10-01T15:40:06.148] [INFO] access - ::1 - - "POST /api/manager/login HTTP/1.1" 200 300 "http://localhost:3000/" "Mozilla/5.0 (Macintosh; Intel Mac OS X 10_14_6) AppleWebKit/537.36 (KHTML, like Gecko) Chrome/85.0.4183.121 Safari/537.36"
[2020-10-01T15:40:17.509] [INFO] access - ::1 - - "GET /api/stat/course-pie HTTP/1.1" 200 274 "http://localhost:3000/" "Mozilla/5.0 (Macintosh; Intel Mac OS X 10_14_6) AppleWebKit/537.36 (KHTML, like Gecko) Chrome/85.0.4183.121 Safari/537.36"
[2020-10-01T15:40:17.512] [INFO] access - ::1 - - "GET /api/stat/course-date HTTP/1.1" 200 447 "http://localhost:3000/" "Mozilla/5.0 (Macintosh; Intel Mac OS X 10_14_6) AppleWebKit/537.36 (KHTML, like Gecko) Chrome/85.0.4183.121 Safari/537.36"
[2020-10-01T15:40:30.677] [INFO] access - ::1 - - "GET /api/course/type/list HTTP/1.1" 200 601 "http://localhost:3000/" "Mozilla/5.0 (Macintosh; Intel Mac OS X 10_14_6) AppleWebKit/537.36 (KHTML, like Gecko) Chrome/85.0.4183.121 Safari/537.36"
[2020-10-01T15:41:10.901] [INFO] access - ::1 - - "GET /api/student/course/list?page=0&pagesize=10 HTTP/1.1" 200 1283 "http://localhost:3000/" "Mozilla/5.0 (Macintosh; Intel Mac OS X 10_14_6) AppleWebKit/537.36 (KHTML, like Gecko) Chrome/85.0.4183.121 Safari/537.36"
[2020-10-01T15:42:00.679] [INFO] access - ::1 - - "GET /api/stat/course-date HTTP/1.1" 200 447 "http://localhost:3000/" "Mozilla/5.0 (Macintosh; Intel Mac OS X 10_14_6) AppleWebKit/537.36 (KHTML, like Gecko) Chrome/85.0.4183.121 Safari/537.36"
[2020-10-01T15:42:00.695] [INFO] access - ::1 - - "GET /api/stat/course-pie HTTP/1.1" 200 274 "http://localhost:3000/" "Mozilla/5.0 (Macintosh; Intel Mac OS X 10_14_6) AppleWebKit/537.36 (KHTML, like Gecko) Chrome/85.0.4183.121 Safari/537.36"
[2020-10-01T15:42:00.743] [INFO] access - ::1 - - "GET /api/stat/course-date HTTP/1.1" 200 447 "http://localhost:3000/" "Mozilla/5.0 (Macintosh; Intel Mac OS X 10_14_6) AppleWebKit/537.36 (KHTML, like Gecko) Chrome/85.0.4183.121 Safari/537.36"
[2020-10-01T15:42:00.743] [INFO] access - ::1 - - "GET /api/stat/course-pie HTTP/1.1" 200 274 "http://localhost:3000/" "Mozilla/5.0 (Macintosh; Intel Mac OS X 10_14_6) AppleWebKit/537.36 (KHTML, like Gecko) Chrome/85.0.4183.121 Safari/537.36"
[2020-10-01T15:42:07.033] [INFO] access - ::1 - - "GET /api/student/course/list?page=0&pagesize=10 HTTP/1.1" 200 1283 "http://localhost:3000/" "Mozilla/5.0 (Macintosh; Intel Mac OS X 10_14_6) AppleWebKit/537.36 (KHTML, like Gecko) Chrome/85.0.4183.121 Safari/537.36"
[2020-10-01T15:42:18.030] [INFO] access - ::1 - - "GET /api/student/course/list?page=0&pagesize=10 HTTP/1.1" 200 1283 "http://localhost:3000/" "Mozilla/5.0 (Macintosh; Intel Mac OS X 10_14_6) AppleWebKit/537.36 (KHTML, like Gecko) Chrome/85.0.4183.121 Safari/537.36"
[2020-10-01T15:42:39.895] [INFO] access - ::1 - - "GET /api/course/list?page=0&pagesize=10 HTTP/1.1" 200 1323 "http://localhost:3000/" "Mozilla/5.0 (Macintosh; Intel Mac OS X 10_14_6) AppleWebKit/537.36 (KHTML, like Gecko) Chrome/85.0.4183.121 Safari/537.36"
[2020-10-01T15:42:44.494] [INFO] access - ::1 - - "GET /api/course/list?page=0&pagesize=10&kw=marrs HTTP/1.1" 200 228 "http://localhost:3000/" "Mozilla/5.0 (Macintosh; Intel Mac OS X 10_14_6) AppleWebKit/537.36 (KHTML, like Gecko) Chrome/85.0.4183.121 Safari/537.36"
[2020-10-01T15:42:57.288] [INFO] access - ::1 - - "GET /api/course/type/list HTTP/1.1" 200 601 "http://localhost:3000/" "Mozilla/5.0 (Macintosh; Intel Mac OS X 10_14_6) AppleWebKit/537.36 (KHTML, like Gecko) Chrome/85.0.4183.121 Safari/537.36"
[2020-10-01T15:42:57.392] [INFO] access - ::1 - - "GET /api/course/info?id=143 HTTP/1.1" 200 154 "http://localhost:3000/" "Mozilla/5.0 (Macintosh; Intel Mac OS X 10_14_6) AppleWebKit/537.36 (KHTML, like Gecko) Chrome/85.0.4183.121 Safari/537.36"
[2020-10-01T15:43:03.080] [INFO] access - ::1 - - "GET /api/student/course/list?page=0&pagesize=10 HTTP/1.1" 200 1283 "http://localhost:3000/" "Mozilla/5.0 (Macintosh; Intel Mac OS X 10_14_6) AppleWebKit/537.36 (KHTML, like Gecko) Chrome/85.0.4183.121 Safari/537.36"
[2020-10-01T15:43:06.205] [INFO] access - ::1 - - "GET /api/course/list HTTP/1.1" 200 1899 "http://localhost:3000/" "Mozilla/5.0 (Macintosh; Intel Mac OS X 10_14_6) AppleWebKit/537.36 (KHTML, like Gecko) Chrome/85.0.4183.121 Safari/537.36"
[2020-10-01T15:43:06.246] [INFO] access - ::1 - - "GET /api/student/list HTTP/1.1" 200 2470 "http://localhost:3000/" "Mozilla/5.0 (Macintosh; Intel Mac OS X 10_14_6) AppleWebKit/537.36 (KHTML, like Gecko) Chrome/85.0.4183.121 Safari/537.36"
[2020-10-01T15:43:58.124] [INFO] access - ::1 - - "GET /api/course/type/list HTTP/1.1" 200 601 "http://localhost:3000/" "Mozilla/5.0 (Macintosh; Intel Mac OS X 10_14_6) AppleWebKit/537.36 (KHTML, like Gecko) Chrome/85.0.4183.121 Safari/537.36"
[2020-10-01T15:44:24.294] [INFO] access - ::1 - - "GET /api/course/type/list HTTP/1.1" 200 601 "http://localhost:3000/" "Mozilla/5.0 (Macintosh; Intel Mac OS X 10_14_6) AppleWebKit/537.36 (KHTML, like Gecko) Chrome/85.0.4183.121 Safari/537.36"
[2020-10-01T15:44:31.807] [INFO] access - ::1 - - "GET /api/course/type/list HTTP/1.1" 200 601 "http://localhost:3000/" "Mozilla/5.0 (Macintosh; Intel Mac OS X 10_14_6) AppleWebKit/537.36 (KHTML, like Gecko) Chrome/85.0.4183.121 Safari/537.36"
[2020-10-01T15:44:36.791] [INFO] access - ::1 - - "GET /api/course/type/list HTTP/1.1" 200 601 "http://localhost:3000/" "Mozilla/5.0 (Macintosh; Intel Mac OS X 10_14_6) AppleWebKit/537.36 (KHTML, like Gecko) Chrome/85.0.4183.121 Safari/537.36"
[2020-10-01T15:44:39.512] [INFO] access - ::1 - - "GET /api/course/type/list HTTP/1.1" 200 601 "http://localhost:3000/" "Mozilla/5.0 (Macintosh; Intel Mac OS X 10_14_6) AppleWebKit/537.36 (KHTML, like Gecko) Chrome/85.0.4183.121 Safari/537.36"
[2020-10-01T15:44:42.670] [INFO] access - ::1 - - "GET /api/course/type/list HTTP/1.1" 200 601 "http://localhost:3000/" "Mozilla/5.0 (Macintosh; Intel Mac OS X 10_14_6) AppleWebKit/537.36 (KHTML, like Gecko) Chrome/85.0.4183.121 Safari/537.36"
[2020-10-01T15:45:06.570] [INFO] access - ::1 - - "POST /api/course/type/add HTTP/1.1" 200 160 "http://localhost:3000/" "Mozilla/5.0 (Macintosh; Intel Mac OS X 10_14_6) AppleWebKit/537.36 (KHTML, like Gecko) Chrome/85.0.4183.121 Safari/537.36"
[2020-10-01T15:45:06.793] [INFO] access - ::1 - - "GET /api/course/type/list HTTP/1.1" 200 633 "http://localhost:3000/" "Mozilla/5.0 (Macintosh; Intel Mac OS X 10_14_6) AppleWebKit/537.36 (KHTML, like Gecko) Chrome/85.0.4183.121 Safari/537.36"
[2020-10-01T15:45:10.846] [INFO] access - ::1 - - "GET /api/course/type/list HTTP/1.1" 200 633 "http://localhost:3000/" "Mozilla/5.0 (Macintosh; Intel Mac OS X 10_14_6) AppleWebKit/537.36 (KHTML, like Gecko) Chrome/85.0.4183.121 Safari/537.36"
[2020-10-01T15:45:12.612] [INFO] access - ::1 - - "GET /api/course/type/list HTTP/1.1" 200 633 "http://localhost:3000/" "Mozilla/5.0 (Macintosh; Intel Mac OS X 10_14_6) AppleWebKit/537.36 (KHTML, like Gecko) Chrome/85.0.4183.121 Safari/537.36"
[2020-10-01T16:06:41.080] [INFO] access - ::1 - - "GET /api/course/type/info?id=2 HTTP/1.1" 404 - "http://localhost:3000/" "Mozilla/5.0 (Macintosh; Intel Mac OS X 10_14_6) AppleWebKit/537.36 (KHTML, like Gecko) Chrome/85.0.4183.121 Safari/537.36"
[2020-10-01T16:06:49.053] [INFO] access - ::1 - - "GET /api/course/type/info?id=2 HTTP/1.1" 404 - "http://localhost:3000/" "Mozilla/5.0 (Macintosh; Intel Mac OS X 10_14_6) AppleWebKit/537.36 (KHTML, like Gecko) Chrome/85.0.4183.121 Safari/537.36"
[2020-10-01T16:08:17.012] [INFO] access - ::1 - - "GET /api/course/type/info?id=2 HTTP/1.1" 404 - "http://localhost:3000/" "Mozilla/5.0 (Macintosh; Intel Mac OS X 10_14_6) AppleWebKit/537.36 (KHTML, like Gecko) Chrome/85.0.4183.121 Safari/537.36"
[2020-10-01T16:08:33.739] [INFO] access - ::1 - - "GET /api/course/type/info?id=2 HTTP/1.1" 404 - "http://localhost:3000/" "Mozilla/5.0 (Macintosh; Intel Mac OS X 10_14_6) AppleWebKit/537.36 (KHTML, like Gecko) Chrome/85.0.4183.121 Safari/537.36"
[2020-10-01T16:08:40.628] [INFO] access - ::1 - - "POST /api/course/type/add HTTP/1.1" 200 160 "http://localhost:3000/" "Mozilla/5.0 (Macintosh; Intel Mac OS X 10_14_6) AppleWebKit/537.36 (KHTML, like Gecko) Chrome/85.0.4183.121 Safari/537.36"
[2020-10-01T16:08:40.857] [INFO] access - ::1 - - "GET /api/course/type/list HTTP/1.1" 200 656 "http://localhost:3000/" "Mozilla/5.0 (Macintosh; Intel Mac OS X 10_14_6) AppleWebKit/537.36 (KHTML, like Gecko) Chrome/85.0.4183.121 Safari/537.36"
[2020-10-01T16:08:44.295] [INFO] access - ::1 - - "GET /api/course/type/list HTTP/1.1" 200 656 "http://localhost:3000/" "Mozilla/5.0 (Macintosh; Intel Mac OS X 10_14_6) AppleWebKit/537.36 (KHTML, like Gecko) Chrome/85.0.4183.121 Safari/537.36"
[2020-10-01T16:08:44.894] [INFO] access - ::1 - - "GET /api/course/type/list HTTP/1.1" 200 656 "http://localhost:3000/" "Mozilla/5.0 (Macintosh; Intel Mac OS X 10_14_6) AppleWebKit/537.36 (KHTML, like Gecko) Chrome/85.0.4183.121 Safari/537.36"
[2020-10-01T16:08:48.196] [INFO] access - ::1 - - "POST /api/course/type/delete HTTP/1.1" 200 159 "http://localhost:3000/" "Mozilla/5.0 (Macintosh; Intel Mac OS X 10_14_6) AppleWebKit/537.36 (KHTML, like Gecko) Chrome/85.0.4183.121 Safari/537.36"
[2020-10-01T16:08:48.277] [INFO] access - ::1 - - "GET /api/course/type/list HTTP/1.1" 200 633 "http://localhost:3000/" "Mozilla/5.0 (Macintosh; Intel Mac OS X 10_14_6) AppleWebKit/537.36 (KHTML, like Gecko) Chrome/85.0.4183.121 Safari/537.36"
[2020-10-01T16:08:53.522] [INFO] access - ::1 - - "GET /api/course/type/info?id=2 HTTP/1.1" 404 - "http://localhost:3000/" "Mozilla/5.0 (Macintosh; Intel Mac OS X 10_14_6) AppleWebKit/537.36 (KHTML, like Gecko) Chrome/85.0.4183.121 Safari/537.36"
[2020-10-01T16:09:00.762] [INFO] access - ::1 - - "POST /api/course/type/update HTTP/1.1" 200 200 "http://localhost:3000/" "Mozilla/5.0 (Macintosh; Intel Mac OS X 10_14_6) AppleWebKit/537.36 (KHTML, like Gecko) Chrome/85.0.4183.121 Safari/537.36"
[2020-10-01T16:09:00.984] [INFO] access - ::1 - - "GET /api/course/type/list HTTP/1.1" 200 627 "http://localhost:3000/" "Mozilla/5.0 (Macintosh; Intel Mac OS X 10_14_6) AppleWebKit/537.36 (KHTML, like Gecko) Chrome/85.0.4183.121 Safari/537.36"
[2020-10-01T16:11:54.231] [INFO] access - ::1 - - "GET /api/course/type/list HTTP/1.1" 200 627 "http://localhost:3000/" "Mozilla/5.0 (Macintosh; Intel Mac OS X 10_14_6) AppleWebKit/537.36 (KHTML, like Gecko) Chrome/85.0.4183.121 Safari/537.36"
[2020-10-01T16:16:48.597] [INFO] access - ::1 - - "GET /api/course/type/info?id=2 HTTP/1.1" 404 - "http://localhost:3000/" "Mozilla/5.0 (Macintosh; Intel Mac OS X 10_14_6) AppleWebKit/537.36 (KHTML, like Gecko) Chrome/85.0.4183.121 Safari/537.36"
[2020-10-01T16:38:55.023] [INFO] access - ::1 - - "POST /api/manager/login HTTP/1.1" 200 300 "http://localhost:3000/" "Mozilla/5.0 (Macintosh; Intel Mac OS X 10_14_6) AppleWebKit/537.36 (KHTML, like Gecko) Chrome/85.0.4183.121 Safari/537.36"
[2020-10-01T16:39:04.631] [INFO] access - ::1 - - "GET /api/stat/course-pie HTTP/1.1" 200 274 "http://localhost:3000/" "Mozilla/5.0 (Macintosh; Intel Mac OS X 10_14_6) AppleWebKit/537.36 (KHTML, like Gecko) Chrome/85.0.4183.121 Safari/537.36"
[2020-10-01T16:39:04.672] [INFO] access - ::1 - - "GET /api/stat/course-date HTTP/1.1" 200 447 "http://localhost:3000/" "Mozilla/5.0 (Macintosh; Intel Mac OS X 10_14_6) AppleWebKit/537.36 (KHTML, like Gecko) Chrome/85.0.4183.121 Safari/537.36"
[2020-10-01T16:39:13.423] [INFO] access - ::1 - - "GET /api/course/type/list HTTP/1.1" 200 627 "http://localhost:3000/" "Mozilla/5.0 (Macintosh; Intel Mac OS X 10_14_6) AppleWebKit/537.36 (KHTML, like Gecko) Chrome/85.0.4183.121 Safari/537.36"
