[2020-10-01T15:22:02.095] [ERROR] application - Error: ER_BAD_FIELD_ERROR: Unknown column 'kw' in 'where clause'
    at Query.Sequence._packetToError (/Users/zdm/web/react/serverpure/node_modules/mysql/lib/protocol/sequences/Sequence.js:47:14)
    at Query.ErrorPacket (/Users/zdm/web/react/serverpure/node_modules/mysql/lib/protocol/sequences/Query.js:79:18)
    at Protocol._parsePacket (/Users/zdm/web/react/serverpure/node_modules/mysql/lib/protocol/Protocol.js:291:23)
    at Parser._parsePacket (/Users/zdm/web/react/serverpure/node_modules/mysql/lib/protocol/Parser.js:433:10)
    at Parser.write (/Users/zdm/web/react/serverpure/node_modules/mysql/lib/protocol/Parser.js:43:10)
    at Protocol.write (/Users/zdm/web/react/serverpure/node_modules/mysql/lib/protocol/Protocol.js:38:16)
    at Socket.<anonymous> (/Users/zdm/web/react/serverpure/node_modules/mysql/lib/Connection.js:88:28)
    at Socket.<anonymous> (/Users/zdm/web/react/serverpure/node_modules/mysql/lib/Connection.js:526:10)
    at Socket.emit (events.js:210:5)
    at addChunk (_stream_readable.js:308:12)
    --------------------
    at Pool.query (/Users/zdm/web/react/serverpure/node_modules/mysql/lib/Pool.js:199:23)
    at /Users/zdm/web/react/serverpure/app/service/mysql.js:20:8
    at new Promise (<anonymous>)
    at query (/Users/zdm/web/react/serverpure/app/service/mysql.js:19:9)
    at Object.getCourseList (/Users/zdm/web/react/serverpure/app/model/student.js:198:32)
    at Object.getCourseList (/Users/zdm/web/react/serverpure/app/service/student.js:76:31)
    at getCourseList (/Users/zdm/web/react/serverpure/app/controller/student.js:277:39)
    at dispatch (/Users/zdm/web/react/serverpure/node_modules/koa-router/node_modules/koa-compose/index.js:44:32)
    at next (/Users/zdm/web/react/serverpure/node_modules/koa-router/node_modules/koa-compose/index.js:45:18)
    at /Users/zdm/web/react/serverpure/node_modules/koa-router/lib/router.js:346:16 {
  code: 'ER_BAD_FIELD_ERROR',
  errno: 1054,
  sqlMessage: "Unknown column 'kw' in 'where clause'",
  sqlState: '42S22',
  index: 0,
  sql: " select sc.course_date, sc.id, sc.student_id, sc.course_id, s.name as student_name, c.name as course_name from student_course sc left join student s on sc.student_id = s.id left join course c on sc.course_id = c.id where 1 = 1 and sc.student_id = 84 and kw like'%我%'"
}
[2020-10-01T15:31:25.205] [ERROR] application - Error: ER_BAD_FIELD_ERROR: Unknown column 'kw' in 'where clause'
    at Query.Sequence._packetToError (/Users/zdm/web/react/serverpure/node_modules/mysql/lib/protocol/sequences/Sequence.js:47:14)
    at Query.ErrorPacket (/Users/zdm/web/react/serverpure/node_modules/mysql/lib/protocol/sequences/Query.js:79:18)
    at Protocol._parsePacket (/Users/zdm/web/react/serverpure/node_modules/mysql/lib/protocol/Protocol.js:291:23)
    at Parser._parsePacket (/Users/zdm/web/react/serverpure/node_modules/mysql/lib/protocol/Parser.js:433:10)
    at Parser.write (/Users/zdm/web/react/serverpure/node_modules/mysql/lib/protocol/Parser.js:43:10)
    at Protocol.write (/Users/zdm/web/react/serverpure/node_modules/mysql/lib/protocol/Protocol.js:38:16)
    at Socket.<anonymous> (/Users/zdm/web/react/serverpure/node_modules/mysql/lib/Connection.js:88:28)
    at Socket.<anonymous> (/Users/zdm/web/react/serverpure/node_modules/mysql/lib/Connection.js:526:10)
    at Socket.emit (events.js:210:5)
    at addChunk (_stream_readable.js:308:12)
    --------------------
    at Pool.query (/Users/zdm/web/react/serverpure/node_modules/mysql/lib/Pool.js:199:23)
    at /Users/zdm/web/react/serverpure/app/service/mysql.js:20:8
    at new Promise (<anonymous>)
    at query (/Users/zdm/web/react/serverpure/app/service/mysql.js:19:9)
    at Object.getCourseList (/Users/zdm/web/react/serverpure/app/model/student.js:198:32)
    at Object.getCourseList (/Users/zdm/web/react/serverpure/app/service/student.js:76:31)
    at getCourseList (/Users/zdm/web/react/serverpure/app/controller/student.js:280:39)
    at dispatch (/Users/zdm/web/react/serverpure/node_modules/koa-router/node_modules/koa-compose/index.js:44:32)
    at next (/Users/zdm/web/react/serverpure/node_modules/koa-router/node_modules/koa-compose/index.js:45:18)
    at /Users/zdm/web/react/serverpure/node_modules/koa-router/lib/router.js:346:16 {
  code: 'ER_BAD_FIELD_ERROR',
  errno: 1054,
  sqlMessage: "Unknown column 'kw' in 'where clause'",
  sqlState: '42S22',
  index: 0,
  sql: " select sc.course_date, sc.id, sc.student_id, sc.course_id, s.name as student_name, c.name as course_name from student_course sc left join student s on sc.student_id = s.id left join course c on sc.course_id = c.id where 1 = 1 and kw like'%陈霖%'"
}
[2020-10-01T15:35:02.942] [ERROR] application - Error: ER_BAD_FIELD_ERROR: Unknown column 'kw' in 'where clause'
    at Query.Sequence._packetToError (/Users/zdm/web/react/serverpure/node_modules/mysql/lib/protocol/sequences/Sequence.js:47:14)
    at Query.ErrorPacket (/Users/zdm/web/react/serverpure/node_modules/mysql/lib/protocol/sequences/Query.js:79:18)
    at Protocol._parsePacket (/Users/zdm/web/react/serverpure/node_modules/mysql/lib/protocol/Protocol.js:291:23)
    at Parser._parsePacket (/Users/zdm/web/react/serverpure/node_modules/mysql/lib/protocol/Parser.js:433:10)
    at Parser.write (/Users/zdm/web/react/serverpure/node_modules/mysql/lib/protocol/Parser.js:43:10)
    at Protocol.write (/Users/zdm/web/react/serverpure/node_modules/mysql/lib/protocol/Protocol.js:38:16)
    at Socket.<anonymous> (/Users/zdm/web/react/serverpure/node_modules/mysql/lib/Connection.js:88:28)
    at Socket.<anonymous> (/Users/zdm/web/react/serverpure/node_modules/mysql/lib/Connection.js:526:10)
    at Socket.emit (events.js:210:5)
    at addChunk (_stream_readable.js:308:12)
    --------------------
    at Pool.query (/Users/zdm/web/react/serverpure/node_modules/mysql/lib/Pool.js:199:23)
    at /Users/zdm/web/react/serverpure/app/service/mysql.js:20:8
    at new Promise (<anonymous>)
    at query (/Users/zdm/web/react/serverpure/app/service/mysql.js:19:9)
    at Object.getCourseList (/Users/zdm/web/react/serverpure/app/model/student.js:198:32)
    at Object.getCourseList (/Users/zdm/web/react/serverpure/app/service/student.js:76:31)
    at getCourseList (/Users/zdm/web/react/serverpure/app/controller/student.js:280:39)
    at dispatch (/Users/zdm/web/react/serverpure/node_modules/koa-router/node_modules/koa-compose/index.js:44:32)
    at next (/Users/zdm/web/react/serverpure/node_modules/koa-router/node_modules/koa-compose/index.js:45:18)
    at /Users/zdm/web/react/serverpure/node_modules/koa-router/lib/router.js:346:16 {
  code: 'ER_BAD_FIELD_ERROR',
  errno: 1054,
  sqlMessage: "Unknown column 'kw' in 'where clause'",
  sqlState: '42S22',
  index: 0,
  sql: " select sc.course_date, sc.id, sc.student_id, sc.course_id, s.name as student_name, c.name as course_name from student_course sc left join student s on sc.student_id = s.id left join course c on sc.course_id = c.id where 1 = 1 and kw like'%marrs%'"
}
[2020-10-01T15:35:12.270] [ERROR] application - Error: ER_BAD_FIELD_ERROR: Unknown column 'kw' in 'where clause'
    at Query.Sequence._packetToError (/Users/zdm/web/react/serverpure/node_modules/mysql/lib/protocol/sequences/Sequence.js:47:14)
    at Query.ErrorPacket (/Users/zdm/web/react/serverpure/node_modules/mysql/lib/protocol/sequences/Query.js:79:18)
    at Protocol._parsePacket (/Users/zdm/web/react/serverpure/node_modules/mysql/lib/protocol/Protocol.js:291:23)
    at Parser._parsePacket (/Users/zdm/web/react/serverpure/node_modules/mysql/lib/protocol/Parser.js:433:10)
    at Parser.write (/Users/zdm/web/react/serverpure/node_modules/mysql/lib/protocol/Parser.js:43:10)
    at Protocol.write (/Users/zdm/web/react/serverpure/node_modules/mysql/lib/protocol/Protocol.js:38:16)
    at Socket.<anonymous> (/Users/zdm/web/react/serverpure/node_modules/mysql/lib/Connection.js:88:28)
    at Socket.<anonymous> (/Users/zdm/web/react/serverpure/node_modules/mysql/lib/Connection.js:526:10)
    at Socket.emit (events.js:210:5)
    at addChunk (_stream_readable.js:308:12)
    --------------------
    at Pool.query (/Users/zdm/web/react/serverpure/node_modules/mysql/lib/Pool.js:199:23)
    at /Users/zdm/web/react/serverpure/app/service/mysql.js:20:8
    at new Promise (<anonymous>)
    at query (/Users/zdm/web/react/serverpure/app/service/mysql.js:19:9)
    at Object.getCourseList (/Users/zdm/web/react/serverpure/app/model/student.js:198:32)
    at Object.getCourseList (/Users/zdm/web/react/serverpure/app/service/student.js:76:31)
    at getCourseList (/Users/zdm/web/react/serverpure/app/controller/student.js:280:39)
    at dispatch (/Users/zdm/web/react/serverpure/node_modules/koa-router/node_modules/koa-compose/index.js:44:32)
    at next (/Users/zdm/web/react/serverpure/node_modules/koa-router/node_modules/koa-compose/index.js:45:18)
    at /Users/zdm/web/react/serverpure/node_modules/koa-router/lib/router.js:346:16 {
  code: 'ER_BAD_FIELD_ERROR',
  errno: 1054,
  sqlMessage: "Unknown column 'kw' in 'where clause'",
  sqlState: '42S22',
  index: 0,
  sql: " select sc.course_date, sc.id, sc.student_id, sc.course_id, s.name as student_name, c.name as course_name from student_course sc left join student s on sc.student_id = s.id left join course c on sc.course_id = c.id where 1 = 1 and kw like'%chenlin%'"
}
[2020-10-01T15:35:14.687] [ERROR] application - Error: ER_BAD_FIELD_ERROR: Unknown column 'kw' in 'where clause'
    at Query.Sequence._packetToError (/Users/zdm/web/react/serverpure/node_modules/mysql/lib/protocol/sequences/Sequence.js:47:14)
    at Query.ErrorPacket (/Users/zdm/web/react/serverpure/node_modules/mysql/lib/protocol/sequences/Query.js:79:18)
    at Protocol._parsePacket (/Users/zdm/web/react/serverpure/node_modules/mysql/lib/protocol/Protocol.js:291:23)
    at Parser._parsePacket (/Users/zdm/web/react/serverpure/node_modules/mysql/lib/protocol/Parser.js:433:10)
    at Parser.write (/Users/zdm/web/react/serverpure/node_modules/mysql/lib/protocol/Parser.js:43:10)
    at Protocol.write (/Users/zdm/web/react/serverpure/node_modules/mysql/lib/protocol/Protocol.js:38:16)
    at Socket.<anonymous> (/Users/zdm/web/react/serverpure/node_modules/mysql/lib/Connection.js:88:28)
    at Socket.<anonymous> (/Users/zdm/web/react/serverpure/node_modules/mysql/lib/Connection.js:526:10)
    at Socket.emit (events.js:210:5)
    at addChunk (_stream_readable.js:308:12)
    --------------------
    at Pool.query (/Users/zdm/web/react/serverpure/node_modules/mysql/lib/Pool.js:199:23)
    at /Users/zdm/web/react/serverpure/app/service/mysql.js:20:8
    at new Promise (<anonymous>)
    at query (/Users/zdm/web/react/serverpure/app/service/mysql.js:19:9)
    at Object.getCourseList (/Users/zdm/web/react/serverpure/app/model/student.js:198:32)
    at Object.getCourseList (/Users/zdm/web/react/serverpure/app/service/student.js:76:31)
    at getCourseList (/Users/zdm/web/react/serverpure/app/controller/student.js:280:39)
    at dispatch (/Users/zdm/web/react/serverpure/node_modules/koa-router/node_modules/koa-compose/index.js:44:32)
    at next (/Users/zdm/web/react/serverpure/node_modules/koa-router/node_modules/koa-compose/index.js:45:18)
    at /Users/zdm/web/react/serverpure/node_modules/koa-router/lib/router.js:346:16 {
  code: 'ER_BAD_FIELD_ERROR',
  errno: 1054,
  sqlMessage: "Unknown column 'kw' in 'where clause'",
  sqlState: '42S22',
  index: 0,
  sql: " select sc.course_date, sc.id, sc.student_id, sc.course_id, s.name as student_name, c.name as course_name from student_course sc left join student s on sc.student_id = s.id left join course c on sc.course_id = c.id where 1 = 1 and kw like'%陈霖%'"
}
[2020-10-01T15:41:19.617] [ERROR] application - Error: ER_BAD_FIELD_ERROR: Unknown column 'kw' in 'where clause'
    at Query.Sequence._packetToError (/Users/zdm/web/react/serverpure/node_modules/mysql/lib/protocol/sequences/Sequence.js:47:14)
    at Query.ErrorPacket (/Users/zdm/web/react/serverpure/node_modules/mysql/lib/protocol/sequences/Query.js:79:18)
    at Protocol._parsePacket (/Users/zdm/web/react/serverpure/node_modules/mysql/lib/protocol/Protocol.js:291:23)
    at Parser._parsePacket (/Users/zdm/web/react/serverpure/node_modules/mysql/lib/protocol/Parser.js:433:10)
    at Parser.write (/Users/zdm/web/react/serverpure/node_modules/mysql/lib/protocol/Parser.js:43:10)
    at Protocol.write (/Users/zdm/web/react/serverpure/node_modules/mysql/lib/protocol/Protocol.js:38:16)
    at Socket.<anonymous> (/Users/zdm/web/react/serverpure/node_modules/mysql/lib/Connection.js:88:28)
    at Socket.<anonymous> (/Users/zdm/web/react/serverpure/node_modules/mysql/lib/Connection.js:526:10)
    at Socket.emit (events.js:210:5)
    at addChunk (_stream_readable.js:308:12)
    --------------------
    at Pool.query (/Users/zdm/web/react/serverpure/node_modules/mysql/lib/Pool.js:199:23)
    at /Users/zdm/web/react/serverpure/app/service/mysql.js:20:8
    at new Promise (<anonymous>)
    at query (/Users/zdm/web/react/serverpure/app/service/mysql.js:19:9)
    at Object.getCourseList (/Users/zdm/web/react/serverpure/app/model/student.js:198:32)
    at Object.getCourseList (/Users/zdm/web/react/serverpure/app/service/student.js:76:31)
    at getCourseList (/Users/zdm/web/react/serverpure/app/controller/student.js:280:39)
    at dispatch (/Users/zdm/web/react/serverpure/node_modules/koa-router/node_modules/koa-compose/index.js:44:32)
    at next (/Users/zdm/web/react/serverpure/node_modules/koa-router/node_modules/koa-compose/index.js:45:18)
    at /Users/zdm/web/react/serverpure/node_modules/koa-router/lib/router.js:346:16 {
  code: 'ER_BAD_FIELD_ERROR',
  errno: 1054,
  sqlMessage: "Unknown column 'kw' in 'where clause'",
  sqlState: '42S22',
  index: 0,
  sql: " select sc.course_date, sc.id, sc.student_id, sc.course_id, s.name as student_name, c.name as course_name from student_course sc left join student s on sc.student_id = s.id left join course c on sc.course_id = c.id where 1 = 1 and kw like'%陈霖%'"
}
[2020-10-01T15:42:22.674] [ERROR] application - Error: ER_BAD_FIELD_ERROR: Unknown column 'kw' in 'where clause'
    at Query.Sequence._packetToError (/Users/zdm/web/react/serverpure/node_modules/mysql/lib/protocol/sequences/Sequence.js:47:14)
    at Query.ErrorPacket (/Users/zdm/web/react/serverpure/node_modules/mysql/lib/protocol/sequences/Query.js:79:18)
    at Protocol._parsePacket (/Users/zdm/web/react/serverpure/node_modules/mysql/lib/protocol/Protocol.js:291:23)
    at Parser._parsePacket (/Users/zdm/web/react/serverpure/node_modules/mysql/lib/protocol/Parser.js:433:10)
    at Parser.write (/Users/zdm/web/react/serverpure/node_modules/mysql/lib/protocol/Parser.js:43:10)
    at Protocol.write (/Users/zdm/web/react/serverpure/node_modules/mysql/lib/protocol/Protocol.js:38:16)
    at Socket.<anonymous> (/Users/zdm/web/react/serverpure/node_modules/mysql/lib/Connection.js:88:28)
    at Socket.<anonymous> (/Users/zdm/web/react/serverpure/node_modules/mysql/lib/Connection.js:526:10)
    at Socket.emit (events.js:210:5)
    at addChunk (_stream_readable.js:308:12)
    --------------------
    at Pool.query (/Users/zdm/web/react/serverpure/node_modules/mysql/lib/Pool.js:199:23)
    at /Users/zdm/web/react/serverpure/app/service/mysql.js:20:8
    at new Promise (<anonymous>)
    at query (/Users/zdm/web/react/serverpure/app/service/mysql.js:19:9)
    at Object.getCourseList (/Users/zdm/web/react/serverpure/app/model/student.js:198:32)
    at Object.getCourseList (/Users/zdm/web/react/serverpure/app/service/student.js:76:31)
    at getCourseList (/Users/zdm/web/react/serverpure/app/controller/student.js:280:39)
    at dispatch (/Users/zdm/web/react/serverpure/node_modules/koa-router/node_modules/koa-compose/index.js:44:32)
    at next (/Users/zdm/web/react/serverpure/node_modules/koa-router/node_modules/koa-compose/index.js:45:18)
    at /Users/zdm/web/react/serverpure/node_modules/koa-router/lib/router.js:346:16 {
  code: 'ER_BAD_FIELD_ERROR',
  errno: 1054,
  sqlMessage: "Unknown column 'kw' in 'where clause'",
  sqlState: '42S22',
  index: 0,
  sql: " select sc.course_date, sc.id, sc.student_id, sc.course_id, s.name as student_name, c.name as course_name from student_course sc left join student s on sc.student_id = s.id left join course c on sc.course_id = c.id where 1 = 1 and kw like'%marrs%'"
}
[2020-10-01T15:42:32.004] [ERROR] application - Error: ER_BAD_FIELD_ERROR: Unknown column 'kw' in 'where clause'
    at Query.Sequence._packetToError (/Users/zdm/web/react/serverpure/node_modules/mysql/lib/protocol/sequences/Sequence.js:47:14)
    at Query.ErrorPacket (/Users/zdm/web/react/serverpure/node_modules/mysql/lib/protocol/sequences/Query.js:79:18)
    at Protocol._parsePacket (/Users/zdm/web/react/serverpure/node_modules/mysql/lib/protocol/Protocol.js:291:23)
    at Parser._parsePacket (/Users/zdm/web/react/serverpure/node_modules/mysql/lib/protocol/Parser.js:433:10)
    at Parser.write (/Users/zdm/web/react/serverpure/node_modules/mysql/lib/protocol/Parser.js:43:10)
    at Protocol.write (/Users/zdm/web/react/serverpure/node_modules/mysql/lib/protocol/Protocol.js:38:16)
    at Socket.<anonymous> (/Users/zdm/web/react/serverpure/node_modules/mysql/lib/Connection.js:88:28)
    at Socket.<anonymous> (/Users/zdm/web/react/serverpure/node_modules/mysql/lib/Connection.js:526:10)
    at Socket.emit (events.js:210:5)
    at addChunk (_stream_readable.js:308:12)
    --------------------
    at Pool.query (/Users/zdm/web/react/serverpure/node_modules/mysql/lib/Pool.js:199:23)
    at /Users/zdm/web/react/serverpure/app/service/mysql.js:20:8
    at new Promise (<anonymous>)
    at query (/Users/zdm/web/react/serverpure/app/service/mysql.js:19:9)
    at Object.getCourseList (/Users/zdm/web/react/serverpure/app/model/student.js:198:32)
    at Object.getCourseList (/Users/zdm/web/react/serverpure/app/service/student.js:76:31)
    at getCourseList (/Users/zdm/web/react/serverpure/app/controller/student.js:280:39)
    at dispatch (/Users/zdm/web/react/serverpure/node_modules/koa-router/node_modules/koa-compose/index.js:44:32)
    at next (/Users/zdm/web/react/serverpure/node_modules/koa-router/node_modules/koa-compose/index.js:45:18)
    at /Users/zdm/web/react/serverpure/node_modules/koa-router/lib/router.js:346:16 {
  code: 'ER_BAD_FIELD_ERROR',
  errno: 1054,
  sqlMessage: "Unknown column 'kw' in 'where clause'",
  sqlState: '42S22',
  index: 0,
  sql: " select sc.course_date, sc.id, sc.student_id, sc.course_id, s.name as student_name, c.name as course_name from student_course sc left join student s on sc.student_id = s.id left join course c on sc.course_id = c.id where 1 = 1 and kw like'%入门%'"
}
