[2020-08-29T10:30:48.652] [INFO] user - {
  name: undefined,
  url: '/api/teacher/login',
  body: {
    loginType: 'teacher',
    email: 'admin@admin.com',
    password: 'admin',
    remember: true
  }
}
[2020-08-29T12:27:21.191] [INFO] user - {
  name: undefined,
  url: '/api/teacher/login',
  body: {
    loginType: 'teacher',
    email: 'admin@admin.com',
    password: 'admin',
    remember: true
  }
}
[2020-08-29T12:27:44.253] [INFO] user - {
  name: undefined,
  url: '/api/teacher/login',
  body: {
    loginType: 'teacher',
    email: 'admin@admin.com',
    password: 'admin',
    remember: true
  }
}
